<?xml version="1.0" encoding="UTF-8"?>
<!-- Generated by org.testng.reporters.JUnitReportReporter -->
<testsuite skipped="1" hostname="RABINDRA-PC" name="com.selenium.framework.datadriven.Portfolio.LeastPerAssetTest" tests="1" failures="0" timestamp="25 Dec 2018 15:06:43 GMT" time="0.051" errors="0">
  <testcase name="leastPerAssetTest" time="0.051" classname="com.selenium.framework.datadriven.Portfolio.LeastPerAssetTest">
    <skipped/>
  </testcase> <!-- leastPerAssetTest -->
</testsuite> <!-- com.selenium.framework.datadriven.Portfolio.LeastPerAssetTest -->
