<?xml version="1.0" encoding="UTF-8"?>
<!-- Generated by org.testng.reporters.JUnitReportReporter -->
<testsuite skipped="1" hostname="RABINDRA-PC" name="com.selenium.framework.datadriven.suiteA.Test1" tests="4" failures="0" timestamp="22 Dec 2018 07:57:20 GMT" time="0.295" errors="0">
  <testcase name="test1" time="0.075" classname="com.selenium.framework.datadriven.suiteA.Test1"/>
  <testcase name="test1" time="0.067" classname="com.selenium.framework.datadriven.suiteA.Test1"/>
  <testcase name="test1" time="0.058" classname="com.selenium.framework.datadriven.suiteA.Test1">
    <skipped/>
  </testcase> <!-- test1 -->
  <testcase name="test1" time="0.095" classname="com.selenium.framework.datadriven.suiteA.Test1"/>
</testsuite> <!-- com.selenium.framework.datadriven.suiteA.Test1 -->
