<?xml version="1.0" encoding="UTF-8"?>
<!-- Generated by org.testng.reporters.JUnitReportReporter -->
<testsuite skipped="1" hostname="RABINDRA-PC" name="com.selenium.framework.datadriven.suiteA.LoginTest" tests="4" failures="0" timestamp="22 Dec 2018 09:34:22 GMT" time="0.226" errors="0">
  <testcase name="loginTest" time="0.047" classname="com.selenium.framework.datadriven.suiteA.LoginTest"/>
  <testcase name="loginTest" time="0.053" classname="com.selenium.framework.datadriven.suiteA.LoginTest"/>
  <testcase name="loginTest" time="0.053" classname="com.selenium.framework.datadriven.suiteA.LoginTest">
    <skipped/>
  </testcase> <!-- loginTest -->
  <testcase name="loginTest" time="0.073" classname="com.selenium.framework.datadriven.suiteA.LoginTest"/>
</testsuite> <!-- com.selenium.framework.datadriven.suiteA.LoginTest -->
