<?xml version="1.0" encoding="UTF-8"?>
<!-- Generated by org.testng.reporters.JUnitReportReporter -->
<testsuite skipped="4" hostname="RABINDRA-PC" name="com.selenium.framework.datadriven.Portfolio.LoginTest" tests="4" failures="0" timestamp="25 Dec 2018 15:06:43 GMT" time="0.251" errors="0">
  <testcase name="loginTest" time="0.078" classname="com.selenium.framework.datadriven.Portfolio.LoginTest">
    <skipped/>
  </testcase> <!-- loginTest -->
  <testcase name="loginTest" time="0.054" classname="com.selenium.framework.datadriven.Portfolio.LoginTest">
    <skipped/>
  </testcase> <!-- loginTest -->
  <testcase name="loginTest" time="0.058" classname="com.selenium.framework.datadriven.Portfolio.LoginTest">
    <skipped/>
  </testcase> <!-- loginTest -->
  <testcase name="loginTest" time="0.061" classname="com.selenium.framework.datadriven.Portfolio.LoginTest">
    <skipped/>
  </testcase> <!-- loginTest -->
</testsuite> <!-- com.selenium.framework.datadriven.Portfolio.LoginTest -->
