<?xml version="1.0" encoding="UTF-8"?>
<!-- Generated by org.testng.reporters.JUnitReportReporter -->
<testsuite skipped="2" hostname="RABINDRA-PC" name="com.selenium.framework.datadriven.StockSuite.AddStock" tests="3" failures="0" timestamp="25 Dec 2018 15:06:44 GMT" time="51.028" errors="0">
  <testcase name="AddStock" time="0.770" classname="com.selenium.framework.datadriven.StockSuite.AddStock">
    <skipped/>
  </testcase> <!-- AddStock -->
  <testcase name="AddStock" time="0.055" classname="com.selenium.framework.datadriven.StockSuite.AddStock">
    <skipped/>
  </testcase> <!-- AddStock -->
  <testcase name="AddStock" time="50.203" classname="com.selenium.framework.datadriven.StockSuite.AddStock"/>
</testsuite> <!-- com.selenium.framework.datadriven.StockSuite.AddStock -->
