<?xml version="1.0" encoding="UTF-8"?>
<!-- Generated by org.testng.reporters.JUnitReportReporter -->
<testsuite skipped="3" hostname="RABINDRA-PC" name="com.selenium.framework.datadriven.suiteB.Test1" tests="4" failures="0" timestamp="23 Dec 2018 09:00:19 GMT" time="0.261" errors="0">
  <testcase name="test1" time="0.049" classname="com.selenium.framework.datadriven.suiteB.Test1">
    <skipped/>
  </testcase> <!-- test1 -->
  <testcase name="test1" time="0.038" classname="com.selenium.framework.datadriven.suiteB.Test1">
    <skipped/>
  </testcase> <!-- test1 -->
  <testcase name="test1" time="0.047" classname="com.selenium.framework.datadriven.suiteB.Test1"/>
  <testcase name="test1" time="0.127" classname="com.selenium.framework.datadriven.suiteB.Test1">
    <skipped/>
  </testcase> <!-- test1 -->
</testsuite> <!-- com.selenium.framework.datadriven.suiteB.Test1 -->
