<?xml version="1.0" encoding="UTF-8"?>
<!-- Generated by org.testng.reporters.JUnitReportReporter -->
<testsuite skipped="3" hostname="RABINDRA-PC" name="com.selenium.framework.datadriven.suiteB.Test1" tests="4" failures="0" timestamp="22 Dec 2018 16:52:13 GMT" time="0.168" errors="0">
  <testcase name="test1" time="0.040" classname="com.selenium.framework.datadriven.suiteB.Test1">
    <skipped/>
  </testcase> <!-- test1 -->
  <testcase name="test1" time="0.042" classname="com.selenium.framework.datadriven.suiteB.Test1">
    <skipped/>
  </testcase> <!-- test1 -->
  <testcase name="test1" time="0.044" classname="com.selenium.framework.datadriven.suiteB.Test1">
    <skipped/>
  </testcase> <!-- test1 -->
  <testcase name="test1" time="0.042" classname="com.selenium.framework.datadriven.suiteB.Test1"/>
</testsuite> <!-- com.selenium.framework.datadriven.suiteB.Test1 -->
