<?xml version="1.0" encoding="UTF-8"?>
<!-- Generated by org.testng.reporters.JUnitReportReporter -->
<testsuite skipped="1" hostname="RABINDRA-PC" name="com.selenium.framework.datadriven.suiteA.Test2" tests="1" failures="0" timestamp="22 Dec 2018 10:22:33 GMT" time="0.077" errors="0">
  <testcase name="test2" time="0.077" classname="com.selenium.framework.datadriven.suiteA.Test2">
    <skipped/>
  </testcase> <!-- test2 -->
</testsuite> <!-- com.selenium.framework.datadriven.suiteA.Test2 -->
