<?xml version="1.0" encoding="UTF-8"?>
<!-- Generated by org.testng.reporters.JUnitReportReporter -->
<testsuite skipped="3" hostname="RABINDRA-PC" name="com.selenium.framework.datadriven.Portfolio.LoginTest" tests="4" failures="0" timestamp="22 Dec 2018 16:52:13 GMT" time="13.923" errors="0">
  <testcase name="loginTest" time="0.053" classname="com.selenium.framework.datadriven.Portfolio.LoginTest">
    <skipped/>
  </testcase> <!-- loginTest -->
  <testcase name="loginTest" time="13.713" classname="com.selenium.framework.datadriven.Portfolio.LoginTest"/>
  <testcase name="loginTest" time="0.071" classname="com.selenium.framework.datadriven.Portfolio.LoginTest">
    <skipped/>
  </testcase> <!-- loginTest -->
  <testcase name="loginTest" time="0.086" classname="com.selenium.framework.datadriven.Portfolio.LoginTest">
    <skipped/>
  </testcase> <!-- loginTest -->
</testsuite> <!-- com.selenium.framework.datadriven.Portfolio.LoginTest -->
