<?xml version="1.0" encoding="UTF-8"?>
<!-- Generated by org.testng.reporters.JUnitReportReporter -->
<testsuite skipped="1" hostname="RABINDRA-PC" name="com.selenium.framework.datadriven.Portfolio.Test2" tests="1" failures="0" timestamp="22 Dec 2018 16:52:13 GMT" time="0.052" errors="0">
  <testcase name="test2" time="0.052" classname="com.selenium.framework.datadriven.Portfolio.Test2">
    <skipped/>
  </testcase> <!-- test2 -->
</testsuite> <!-- com.selenium.framework.datadriven.Portfolio.Test2 -->
